0 info it worked if it ends with ok
1 verbose cli [ '/usr/local/bin/node', '/usr/local/bin/npm', 'run', 'lint' ]
2 info using npm@3.5.3
3 info using node@v5.0.0
4 verbose run-script [ 'prelint', 'lint', 'postlint' ]
5 info lifecycle zen-app@1.0.0~prelint: zen-app@1.0.0
6 silly lifecycle zen-app@1.0.0~prelint: no script for prelint, continuing
7 info lifecycle zen-app@1.0.0~lint: zen-app@1.0.0
8 verbose lifecycle zen-app@1.0.0~lint: unsafe-perm in lifecycle true
9 verbose lifecycle zen-app@1.0.0~lint: PATH: /usr/local/lib/node_modules/npm/bin/node-gyp-bin:/Users/nick/Dropbox/production/zen-app/node_modules/.bin:/usr/local/bin:/usr/bin:/bin:/usr/sbin:/sbin:/usr/local/git/bin
10 verbose lifecycle zen-app@1.0.0~lint: CWD: /Users/nick/Dropbox/production/zen-app
11 silly lifecycle zen-app@1.0.0~lint: Args: [ '-c', 'run lint' ]
12 silly lifecycle zen-app@1.0.0~lint: Returned: code: 1  signal: null
13 info lifecycle zen-app@1.0.0~lint: Failed to exec lint script
14 verbose stack Error: zen-app@1.0.0 lint: `run lint`
14 verbose stack Exit status 1
14 verbose stack     at EventEmitter.<anonymous> (/usr/local/lib/node_modules/npm/lib/utils/lifecycle.js:232:16)
14 verbose stack     at emitTwo (events.js:87:13)
14 verbose stack     at EventEmitter.emit (events.js:172:7)
14 verbose stack     at ChildProcess.<anonymous> (/usr/local/lib/node_modules/npm/lib/utils/spawn.js:24:14)
14 verbose stack     at emitTwo (events.js:87:13)
14 verbose stack     at ChildProcess.emit (events.js:172:7)
14 verbose stack     at maybeClose (internal/child_process.js:818:16)
14 verbose stack     at Process.ChildProcess._handle.onexit (internal/child_process.js:211:5)
15 verbose pkgid zen-app@1.0.0
16 verbose cwd /Users/nick/Dropbox/production/zen-app
17 error Darwin 15.6.0
18 error argv "/usr/local/bin/node" "/usr/local/bin/npm" "run" "lint"
19 error node v5.0.0
20 error npm  v3.5.3
21 error code ELIFECYCLE
22 error zen-app@1.0.0 lint: `run lint`
22 error Exit status 1
23 error Failed at the zen-app@1.0.0 lint script 'run lint'.
23 error Make sure you have the latest version of node.js and npm installed.
23 error If you do, this is most likely a problem with the zen-app package,
23 error not with npm itself.
23 error Tell the author that this fails on your system:
23 error     run lint
23 error You can get information on how to open an issue for this project with:
23 error     npm bugs zen-app
23 error Or if that isn't available, you can get their info via:
23 error     npm owner ls zen-app
23 error There is likely additional logging output above.
24 verbose exit [ 1, true ]
